<?xml version="1.0" encoding="UTF-8"?>
<!-- Generated by org.testng.reporters.JUnitXMLReporter -->
<testsuite ignored="44" hostname="Achus_Machine" failures="0" tests="1" name="FunctionalTest" time="24.557" errors="0" timestamp="2021-09-26T19:19:59 IST">
  <testcase classname="TestNG.Selenium.SeleniumCommands" name="verifyFrames" time="8.699"/>
  <testcase classname="TestNG.Selenium.SeleniumCommands" name="fluentWait" time="0.0">
    <ignored/>
  </testcase> <!-- fluentWait -->
  <testcase classname="TestNG.Selenium.SeleniumCommands" name="robotClass" time="0.0">
    <ignored/>
  </testcase> <!-- robotClass -->
  <testcase classname="TestNG.Selenium.SeleniumCommands" name="dropDownOtherThanSelectTag" time="0.0">
    <ignored/>
  </testcase> <!-- dropDownOtherThanSelectTag -->
  <testcase classname="TestNG.Selenium.SeleniumCommands" name="verifyDragAndDropBy" time="0.0">
    <ignored/>
  </testcase> <!-- verifyDragAndDropBy -->
  <testcase classname="TestNG.Selenium.SeleniumCommands" name="verifySingleCheckBox" time="0.0">
    <ignored/>
  </testcase> <!-- verifySingleCheckBox -->
  <testcase classname="TestNG.Selenium.SeleniumCommands" name="implicitlyWait" time="0.0">
    <ignored/>
  </testcase> <!-- implicitlyWait -->
  <testcase classname="TestNG.Selenium.SeleniumCommands" name="staleElementException" time="0.0">
    <ignored/>
  </testcase> <!-- staleElementException -->
  <testcase classname="TestNG.Selenium.SeleniumCommands" name="tableElement" time="0.0">
    <ignored/>
  </testcase> <!-- tableElement -->
  <testcase classname="TestNG.Selenium.SeleniumCommands" name="verifyMultipleDropDown" time="0.0">
    <ignored/>
  </testcase> <!-- verifyMultipleDropDown -->
  <testcase classname="TestNG.Selenium.SeleniumCommands" name="verifyTitle" time="0.0">
    <ignored/>
  </testcase> <!-- verifyTitle -->
  <testcase classname="TestNG.Selenium.SeleniumCommands" name="verifyDoubleClick" time="0.0">
    <ignored/>
  </testcase> <!-- verifyDoubleClick -->
  <testcase classname="TestNG.Selenium.SeleniumCommands" name="keyboardActions" time="0.0">
    <ignored/>
  </testcase> <!-- keyboardActions -->
  <testcase classname="TestNG.Selenium.SeleniumCommands" name="verifyTwoInputField" time="0.0">
    <ignored/>
  </testcase> <!-- verifyTwoInputField -->
  <testcase classname="TestNG.Selenium.SeleniumCommands" name="verifyRegistration" time="0.0">
    <ignored/>
  </testcase> <!-- verifyRegistration -->
  <testcase classname="TestNG.Selenium.SeleniumCommands" name="verifysimpleAlert" time="0.0">
    <ignored/>
  </testcase> <!-- verifysimpleAlert -->
  <testcase classname="TestNG.Selenium.SeleniumCommands" name="verifyPromptAlert" time="0.0">
    <ignored/>
  </testcase> <!-- verifyPromptAlert -->
  <testcase classname="TestNG.Selenium.SeleniumCommands" name="dynamicTable" time="0.0">
    <ignored/>
  </testcase> <!-- dynamicTable -->
  <testcase classname="TestNG.Selenium.SeleniumCommands" name="verifySimpleAlert" time="0.0">
    <ignored/>
  </testcase> <!-- verifySimpleAlert -->
  <testcase classname="TestNG.Selenium.SeleniumCommands" name="pageLoadTimeOutWait" time="0.0">
    <ignored/>
  </testcase> <!-- pageLoadTimeOutWait -->
  <testcase classname="TestNG.Selenium.SeleniumCommands" name="verifyConfirmAlert" time="0.0">
    <ignored/>
  </testcase> <!-- verifyConfirmAlert -->
  <testcase classname="TestNG.Selenium.SeleniumCommands" name="testMethod1" time="0.0">
    <ignored/>
  </testcase> <!-- testMethod1 -->
  <testcase classname="TestNG.Selenium.SeleniumCommands" name="verifyDropDown" time="0.0">
    <ignored/>
  </testcase> <!-- verifyDropDown -->
  <testcase classname="TestNG.Selenium.SeleniumCommands" name="testMethod2" time="0.0">
    <ignored/>
  </testcase> <!-- testMethod2 -->
  <testcase classname="TestNG.Selenium.SeleniumCommands" name="softAssert" time="0.0">
    <ignored/>
  </testcase> <!-- softAssert -->
  <testcase classname="TestNG.Selenium.SeleniumCommands" name="verifySingleInputField" time="0.0">
    <ignored/>
  </testcase> <!-- verifySingleInputField -->
  <testcase classname="TestNG.Selenium.SeleniumCommands" name="seleniumWaits" time="0.0">
    <ignored/>
  </testcase> <!-- seleniumWaits -->
  <testcase classname="TestNG.Selenium.SeleniumCommands" name="verifyCloseAndQuit" time="0.0">
    <ignored/>
  </testcase> <!-- verifyCloseAndQuit -->
  <testcase classname="TestNG.Selenium.SeleniumCommands" name="verifySingleDropDown" time="0.0">
    <ignored/>
  </testcase> <!-- verifySingleDropDown -->
  <testcase classname="TestNG.Selenium.SeleniumCommands" name="verifyRightClickEditButton" time="0.0">
    <ignored/>
  </testcase> <!-- verifyRightClickEditButton -->
  <testcase classname="TestNG.Selenium.SeleniumCommands" name="verifyMultipleWindowHandling" time="0.0">
    <ignored/>
  </testcase> <!-- verifyMultipleWindowHandling -->
  <testcase classname="TestNG.Selenium.SeleniumCommands" name="verifyTableExcelValue" time="0.0">
    <ignored/>
  </testcase> <!-- verifyTableExcelValue -->
  <testcase classname="TestNG.Selenium.SeleniumCommands" name="verifyDragAndDrop" time="0.0">
    <ignored/>
  </testcase> <!-- verifyDragAndDrop -->
  <testcase classname="TestNG.Selenium.SeleniumCommands" name="verifyMultipleCheckBox" time="0.0">
    <ignored/>
  </testcase> <!-- verifyMultipleCheckBox -->
  <testcase classname="TestNG.Selenium.SeleniumCommands" name="verifyLogin" time="0.0">
    <ignored/>
  </testcase> <!-- verifyLogin -->
  <testcase classname="TestNG.Selenium.SeleniumCommands" name="verifyMoveToElement" time="0.0">
    <ignored/>
  </testcase> <!-- verifyMoveToElement -->
  <testcase classname="TestNG.Selenium.SeleniumCommands" name="verifyPromptalert" time="0.0">
    <ignored/>
  </testcase> <!-- verifyPromptalert -->
  <testcase classname="TestNG.Selenium.SeleniumCommands" name="verifyConfirmationAlert" time="0.0">
    <ignored/>
  </testcase> <!-- verifyConfirmationAlert -->
  <testcase classname="TestNG.Selenium.SeleniumCommands" name="verifyDropDownFromExcel" time="0.0">
    <ignored/>
  </testcase> <!-- verifyDropDownFromExcel -->
  <testcase classname="TestNG.Selenium.SeleniumCommands" name="verifyFileUpload" time="0.0">
    <ignored/>
  </testcase> <!-- verifyFileUpload -->
  <testcase classname="TestNG.Selenium.SeleniumCommands" name="javaScriptExecutor" time="0.0">
    <ignored/>
  </testcase> <!-- javaScriptExecutor -->
  <testcase classname="TestNG.Selenium.SeleniumCommands" name="scroll" time="0.0">
    <ignored/>
  </testcase> <!-- scroll -->
  <testcase classname="TestNG.Selenium.SeleniumCommands" name="verifyRightClickCopyButton" time="0.0">
    <ignored/>
  </testcase> <!-- verifyRightClickCopyButton -->
  <testcase classname="TestNG.Selenium.SeleniumCommands" name="verifyMenusFromExcel" time="0.0">
    <ignored/>
  </testcase> <!-- verifyMenusFromExcel -->
  <testcase classname="TestNG.Selenium.SeleniumCommands" name="explicitWait" time="0.0">
    <ignored/>
  </testcase> <!-- explicitWait -->
</testsuite> <!-- FunctionalTest -->
